<?xml version="1.0" encoding="UTF-8"?>
<testsuite xmlns:xsi="http://www.w3.org/2001/XMLSchema-instance" xsi:noNamespaceSchemaLocation="https://maven.apache.org/surefire/maven-surefire-plugin/xsd/surefire-test-report.xsd" name="com.se.registry.RegistryApplicationTests" time="20.414" tests="1" errors="0" skipped="0" failures="0">
  <properties>
    <property name="sun.desktop" value="windows"/>
    <property name="awt.toolkit" value="sun.awt.windows.WToolkit"/>
    <property name="java.specification.version" value="11"/>
    <property name="sun.cpu.isalist" value="amd64"/>
    <property name="sun.jnu.encoding" value="GBK"/>
    <property name="java.class.path" value="C:\Users\blasi\Desktop\bamdb\registry\target\test-classes;C:\Users\blasi\Desktop\bamdb\registry\target\classes;D:\Program Files\Apache\maven-repository\org\springframework\cloud\spring-cloud-starter-netflix-eureka-server\2.1.1.RELEASE\spring-cloud-starter-netflix-eureka-server-2.1.1.RELEASE.jar;D:\Program Files\Apache\maven-repository\org\springframework\cloud\spring-cloud-starter\2.1.1.RELEASE\spring-cloud-starter-2.1.1.RELEASE.jar;D:\Program Files\Apache\maven-repository\org\springframework\cloud\spring-cloud-context\2.1.1.RELEASE\spring-cloud-context-2.1.1.RELEASE.jar;D:\Program Files\Apache\maven-repository\org\springframework\security\spring-security-crypto\5.1.5.RELEASE\spring-security-crypto-5.1.5.RELEASE.jar;D:\Program Files\Apache\maven-repository\org\springframework\cloud\spring-cloud-commons\2.1.1.RELEASE\spring-cloud-commons-2.1.1.RELEASE.jar;D:\Program Files\Apache\maven-repository\org\springframework\security\spring-security-rsa\1.0.7.RELEASE\spring-security-rsa-1.0.7.RELEASE.jar;D:\Program Files\Apache\maven-repository\org\bouncycastle\bcpkix-jdk15on\1.60\bcpkix-jdk15on-1.60.jar;D:\Program Files\Apache\maven-repository\org\bouncycastle\bcprov-jdk15on\1.60\bcprov-jdk15on-1.60.jar;D:\Program Files\Apache\maven-repository\org\springframework\cloud\spring-cloud-netflix-eureka-server\2.1.1.RELEASE\spring-cloud-netflix-eureka-server-2.1.1.RELEASE.jar;D:\Program Files\Apache\maven-repository\org\springframework\boot\spring-boot-starter-web\2.1.6.RELEASE\spring-boot-starter-web-2.1.6.RELEASE.jar;D:\Program Files\Apache\maven-repository\org\springframework\boot\spring-boot-starter-json\2.1.6.RELEASE\spring-boot-starter-json-2.1.6.RELEASE.jar;D:\Program Files\Apache\maven-repository\com\fasterxml\jackson\datatype\jackson-datatype-jdk8\2.9.9\jackson-datatype-jdk8-2.9.9.jar;D:\Program Files\Apache\maven-repository\com\fasterxml\jackson\datatype\jackson-datatype-jsr310\2.9.9\jackson-datatype-jsr310-2.9.9.jar;D:\Program Files\Apache\maven-repository\com\fasterxml\jackson\module\jackson-module-parameter-names\2.9.9\jackson-module-parameter-names-2.9.9.jar;D:\Program Files\Apache\maven-repository\org\springframework\boot\spring-boot-starter-tomcat\2.1.6.RELEASE\spring-boot-starter-tomcat-2.1.6.RELEASE.jar;D:\Program Files\Apache\maven-repository\org\apache\tomcat\embed\tomcat-embed-core\9.0.21\tomcat-embed-core-9.0.21.jar;D:\Program Files\Apache\maven-repository\org\apache\tomcat\embed\tomcat-embed-el\9.0.21\tomcat-embed-el-9.0.21.jar;D:\Program Files\Apache\maven-repository\org\apache\tomcat\embed\tomcat-embed-websocket\9.0.21\tomcat-embed-websocket-9.0.21.jar;D:\Program Files\Apache\maven-repository\org\hibernate\validator\hibernate-validator\6.0.17.Final\hibernate-validator-6.0.17.Final.jar;D:\Program Files\Apache\maven-repository\javax\validation\validation-api\2.0.1.Final\validation-api-2.0.1.Final.jar;D:\Program Files\Apache\maven-repository\org\jboss\logging\jboss-logging\3.3.2.Final\jboss-logging-3.3.2.Final.jar;D:\Program Files\Apache\maven-repository\com\fasterxml\classmate\1.4.0\classmate-1.4.0.jar;D:\Program Files\Apache\maven-repository\org\springframework\spring-webmvc\5.1.8.RELEASE\spring-webmvc-5.1.8.RELEASE.jar;D:\Program Files\Apache\maven-repository\org\springframework\boot\spring-boot-starter-actuator\2.1.6.RELEASE\spring-boot-starter-actuator-2.1.6.RELEASE.jar;D:\Program Files\Apache\maven-repository\org\springframework\boot\spring-boot-actuator-autoconfigure\2.1.6.RELEASE\spring-boot-actuator-autoconfigure-2.1.6.RELEASE.jar;D:\Program Files\Apache\maven-repository\org\springframework\boot\spring-boot-actuator\2.1.6.RELEASE\spring-boot-actuator-2.1.6.RELEASE.jar;D:\Program Files\Apache\maven-repository\io\micrometer\micrometer-core\1.1.5\micrometer-core-1.1.5.jar;D:\Program Files\Apache\maven-repository\org\hdrhistogram\HdrHistogram\2.1.9\HdrHistogram-2.1.9.jar;D:\Program Files\Apache\maven-repository\org\latencyutils\LatencyUtils\2.0.3\LatencyUtils-2.0.3.jar;D:\Program Files\Apache\maven-repository\org\springframework\boot\spring-boot-starter-freemarker\2.1.6.RELEASE\spring-boot-starter-freemarker-2.1.6.RELEASE.jar;D:\Program Files\Apache\maven-repository\org\freemarker\freemarker\2.3.28\freemarker-2.3.28.jar;D:\Program Files\Apache\maven-repository\org\springframework\spring-context-support\5.1.8.RELEASE\spring-context-support-5.1.8.RELEASE.jar;D:\Program Files\Apache\maven-repository\org\springframework\cloud\spring-cloud-netflix-hystrix\2.1.1.RELEASE\spring-cloud-netflix-hystrix-2.1.1.RELEASE.jar;D:\Program Files\Apache\maven-repository\org\springframework\boot\spring-boot-starter-aop\2.1.6.RELEASE\spring-boot-starter-aop-2.1.6.RELEASE.jar;D:\Program Files\Apache\maven-repository\org\aspectj\aspectjweaver\1.9.4\aspectjweaver-1.9.4.jar;D:\Program Files\Apache\maven-repository\org\springframework\cloud\spring-cloud-netflix-eureka-client\2.1.1.RELEASE\spring-cloud-netflix-eureka-client-2.1.1.RELEASE.jar;D:\Program Files\Apache\maven-repository\com\netflix\eureka\eureka-client\1.9.8\eureka-client-1.9.8.jar;D:\Program Files\Apache\maven-repository\org\codehaus\jettison\jettison\1.3.7\jettison-1.3.7.jar;D:\Program Files\Apache\maven-repository\stax\stax-api\1.0.1\stax-api-1.0.1.jar;D:\Program Files\Apache\maven-repository\com\netflix\netflix-commons\netflix-eventbus\0.3.0\netflix-eventbus-0.3.0.jar;D:\Program Files\Apache\maven-repository\com\netflix\netflix-commons\netflix-infix\0.3.0\netflix-infix-0.3.0.jar;D:\Program Files\Apache\maven-repository\commons-jxpath\commons-jxpath\1.3\commons-jxpath-1.3.jar;D:\Program Files\Apache\maven-repository\joda-time\joda-time\2.10.2\joda-time-2.10.2.jar;D:\Program Files\Apache\maven-repository\org\antlr\antlr-runtime\3.4\antlr-runtime-3.4.jar;D:\Program Files\Apache\maven-repository\org\antlr\stringtemplate\3.2.1\stringtemplate-3.2.1.jar;D:\Program Files\Apache\maven-repository\antlr\antlr\2.7.7\antlr-2.7.7.jar;D:\Program Files\Apache\maven-repository\com\google\code\gson\gson\2.8.5\gson-2.8.5.jar;D:\Program Files\Apache\maven-repository\org\apache\commons\commons-math\2.2\commons-math-2.2.jar;D:\Program Files\Apache\maven-repository\javax\ws\rs\jsr311-api\1.1.1\jsr311-api-1.1.1.jar;D:\Program Files\Apache\maven-repository\com\netflix\servo\servo-core\0.12.21\servo-core-0.12.21.jar;D:\Program Files\Apache\maven-repository\com\sun\jersey\jersey-core\1.19.1\jersey-core-1.19.1.jar;D:\Program Files\Apache\maven-repository\com\sun\jersey\jersey-client\1.19.1\jersey-client-1.19.1.jar;D:\Program Files\Apache\maven-repository\com\sun\jersey\contribs\jersey-apache-client4\1.19.1\jersey-apache-client4-1.19.1.jar;D:\Program Files\Apache\maven-repository\org\apache\httpcomponents\httpclient\4.5.9\httpclient-4.5.9.jar;D:\Program Files\Apache\maven-repository\org\apache\httpcomponents\httpcore\4.4.11\httpcore-4.4.11.jar;D:\Program Files\Apache\maven-repository\commons-codec\commons-codec\1.11\commons-codec-1.11.jar;D:\Program Files\Apache\maven-repository\com\google\inject\guice\4.1.0\guice-4.1.0.jar;D:\Program Files\Apache\maven-repository\aopalliance\aopalliance\1.0\aopalliance-1.0.jar;D:\Program Files\Apache\maven-repository\com\github\vlsi\compactmap\compactmap\1.2.1\compactmap-1.2.1.jar;D:\Program Files\Apache\maven-repository\com\github\andrewoma\dexx\dexx-collections\0.2\dexx-collections-0.2.jar;D:\Program Files\Apache\maven-repository\com\sun\jersey\jersey-servlet\1.19.1\jersey-servlet-1.19.1.jar;D:\Program Files\Apache\maven-repository\com\sun\jersey\jersey-server\1.19.1\jersey-server-1.19.1.jar;D:\Program Files\Apache\maven-repository\com\netflix\eureka\eureka-core\1.9.8\eureka-core-1.9.8.jar;D:\Program Files\Apache\maven-repository\org\codehaus\woodstox\woodstox-core-asl\4.4.1\woodstox-core-asl-4.4.1.jar;D:\Program Files\Apache\maven-repository\javax\xml\stream\stax-api\1.0-2\stax-api-1.0-2.jar;D:\Program Files\Apache\maven-repository\com\netflix\archaius\archaius-core\0.7.6\archaius-core-0.7.6.jar;D:\Program Files\Apache\maven-repository\com\google\code\findbugs\jsr305\3.0.1\jsr305-3.0.1.jar;D:\Program Files\Apache\maven-repository\com\google\guava\guava\16.0\guava-16.0.jar;D:\Program Files\Apache\maven-repository\javax\inject\javax.inject\1\javax.inject-1.jar;D:\Program Files\Apache\maven-repository\com\fasterxml\jackson\dataformat\jackson-dataformat-xml\2.9.9\jackson-dataformat-xml-2.9.9.jar;D:\Program Files\Apache\maven-repository\com\fasterxml\jackson\module\jackson-module-jaxb-annotations\2.9.9\jackson-module-jaxb-annotations-2.9.9.jar;D:\Program Files\Apache\maven-repository\org\codehaus\woodstox\stax2-api\3.1.4\stax2-api-3.1.4.jar;D:\Program Files\Apache\maven-repository\com\fasterxml\woodstox\woodstox-core\5.0.3\woodstox-core-5.0.3.jar;D:\Program Files\Apache\maven-repository\com\thoughtworks\xstream\xstream\1.4.10\xstream-1.4.10.jar;D:\Program Files\Apache\maven-repository\xmlpull\xmlpull\1.1.3.1\xmlpull-1.1.3.1.jar;D:\Program Files\Apache\maven-repository\xpp3\xpp3_min\1.1.4c\xpp3_min-1.1.4c.jar;D:\Program Files\Apache\maven-repository\org\springframework\cloud\spring-cloud-starter-netflix-archaius\2.1.1.RELEASE\spring-cloud-starter-netflix-archaius-2.1.1.RELEASE.jar;D:\Program Files\Apache\maven-repository\org\springframework\cloud\spring-cloud-netflix-ribbon\2.1.1.RELEASE\spring-cloud-netflix-ribbon-2.1.1.RELEASE.jar;D:\Program Files\Apache\maven-repository\org\springframework\cloud\spring-cloud-netflix-archaius\2.1.1.RELEASE\spring-cloud-netflix-archaius-2.1.1.RELEASE.jar;D:\Program Files\Apache\maven-repository\commons-configuration\commons-configuration\1.8\commons-configuration-1.8.jar;D:\Program Files\Apache\maven-repository\commons-lang\commons-lang\2.6\commons-lang-2.6.jar;D:\Program Files\Apache\maven-repository\org\springframework\cloud\spring-cloud-starter-netflix-ribbon\2.1.1.RELEASE\spring-cloud-starter-netflix-ribbon-2.1.1.RELEASE.jar;D:\Program Files\Apache\maven-repository\com\netflix\ribbon\ribbon\2.3.0\ribbon-2.3.0.jar;D:\Program Files\Apache\maven-repository\com\netflix\ribbon\ribbon-transport\2.3.0\ribbon-transport-2.3.0.jar;D:\Program Files\Apache\maven-repository\io\reactivex\rxnetty-contexts\0.4.9\rxnetty-contexts-0.4.9.jar;D:\Program Files\Apache\maven-repository\io\reactivex\rxnetty-servo\0.4.9\rxnetty-servo-0.4.9.jar;D:\Program Files\Apache\maven-repository\com\netflix\hystrix\hystrix-core\1.5.18\hystrix-core-1.5.18.jar;D:\Program Files\Apache\maven-repository\io\reactivex\rxnetty\0.4.9\rxnetty-0.4.9.jar;D:\Program Files\Apache\maven-repository\com\netflix\ribbon\ribbon-core\2.3.0\ribbon-core-2.3.0.jar;D:\Program Files\Apache\maven-repository\com\netflix\ribbon\ribbon-httpclient\2.3.0\ribbon-httpclient-2.3.0.jar;D:\Program Files\Apache\maven-repository\commons-collections\commons-collections\3.2.2\commons-collections-3.2.2.jar;D:\Program Files\Apache\maven-repository\com\netflix\netflix-commons\netflix-commons-util\0.3.0\netflix-commons-util-0.3.0.jar;D:\Program Files\Apache\maven-repository\com\netflix\ribbon\ribbon-loadbalancer\2.3.0\ribbon-loadbalancer-2.3.0.jar;D:\Program Files\Apache\maven-repository\com\netflix\netflix-commons\netflix-statistics\0.1.1\netflix-statistics-0.1.1.jar;D:\Program Files\Apache\maven-repository\io\reactivex\rxjava\1.3.8\rxjava-1.3.8.jar;D:\Program Files\Apache\maven-repository\com\netflix\ribbon\ribbon-eureka\2.3.0\ribbon-eureka-2.3.0.jar;D:\Program Files\Apache\maven-repository\org\slf4j\slf4j-api\1.7.26\slf4j-api-1.7.26.jar;D:\Program Files\Apache\maven-repository\org\springframework\boot\spring-boot-starter\2.1.6.RELEASE\spring-boot-starter-2.1.6.RELEASE.jar;D:\Program Files\Apache\maven-repository\org\springframework\boot\spring-boot\2.1.6.RELEASE\spring-boot-2.1.6.RELEASE.jar;D:\Program Files\Apache\maven-repository\org\springframework\spring-context\5.1.8.RELEASE\spring-context-5.1.8.RELEASE.jar;D:\Program Files\Apache\maven-repository\org\springframework\spring-aop\5.1.8.RELEASE\spring-aop-5.1.8.RELEASE.jar;D:\Program Files\Apache\maven-repository\org\springframework\spring-beans\5.1.8.RELEASE\spring-beans-5.1.8.RELEASE.jar;D:\Program Files\Apache\maven-repository\org\springframework\spring-expression\5.1.8.RELEASE\spring-expression-5.1.8.RELEASE.jar;D:\Program Files\Apache\maven-repository\org\springframework\boot\spring-boot-autoconfigure\2.1.6.RELEASE\spring-boot-autoconfigure-2.1.6.RELEASE.jar;D:\Program Files\Apache\maven-repository\org\springframework\boot\spring-boot-starter-logging\2.1.6.RELEASE\spring-boot-starter-logging-2.1.6.RELEASE.jar;D:\Program Files\Apache\maven-repository\ch\qos\logback\logback-classic\1.2.3\logback-classic-1.2.3.jar;D:\Program Files\Apache\maven-repository\ch\qos\logback\logback-core\1.2.3\logback-core-1.2.3.jar;D:\Program Files\Apache\maven-repository\org\apache\logging\log4j\log4j-to-slf4j\2.11.2\log4j-to-slf4j-2.11.2.jar;D:\Program Files\Apache\maven-repository\org\apache\logging\log4j\log4j-api\2.11.2\log4j-api-2.11.2.jar;D:\Program Files\Apache\maven-repository\org\slf4j\jul-to-slf4j\1.7.26\jul-to-slf4j-1.7.26.jar;D:\Program Files\Apache\maven-repository\javax\annotation\javax.annotation-api\1.3.2\javax.annotation-api-1.3.2.jar;D:\Program Files\Apache\maven-repository\org\springframework\spring-core\5.1.8.RELEASE\spring-core-5.1.8.RELEASE.jar;D:\Program Files\Apache\maven-repository\org\springframework\spring-jcl\5.1.8.RELEASE\spring-jcl-5.1.8.RELEASE.jar;D:\Program Files\Apache\maven-repository\org\yaml\snakeyaml\1.23\snakeyaml-1.23.jar;D:\Program Files\Apache\maven-repository\org\springframework\cloud\spring-cloud-starter-config\2.1.1.RELEASE\spring-cloud-starter-config-2.1.1.RELEASE.jar;D:\Program Files\Apache\maven-repository\org\springframework\cloud\spring-cloud-config-client\2.1.1.RELEASE\spring-cloud-config-client-2.1.1.RELEASE.jar;D:\Program Files\Apache\maven-repository\org\springframework\spring-web\5.1.8.RELEASE\spring-web-5.1.8.RELEASE.jar;D:\Program Files\Apache\maven-repository\com\fasterxml\jackson\core\jackson-annotations\2.9.0\jackson-annotations-2.9.0.jar;D:\Program Files\Apache\maven-repository\com\fasterxml\jackson\core\jackson-databind\2.9.9\jackson-databind-2.9.9.jar;D:\Program Files\Apache\maven-repository\com\fasterxml\jackson\core\jackson-core\2.9.9\jackson-core-2.9.9.jar;D:\Program Files\Apache\maven-repository\org\springframework\boot\spring-boot-starter-test\2.1.6.RELEASE\spring-boot-starter-test-2.1.6.RELEASE.jar;D:\Program Files\Apache\maven-repository\org\springframework\boot\spring-boot-test\2.1.6.RELEASE\spring-boot-test-2.1.6.RELEASE.jar;D:\Program Files\Apache\maven-repository\org\springframework\boot\spring-boot-test-autoconfigure\2.1.6.RELEASE\spring-boot-test-autoconfigure-2.1.6.RELEASE.jar;D:\Program Files\Apache\maven-repository\com\jayway\jsonpath\json-path\2.4.0\json-path-2.4.0.jar;D:\Program Files\Apache\maven-repository\net\minidev\json-smart\2.3\json-smart-2.3.jar;D:\Program Files\Apache\maven-repository\net\minidev\accessors-smart\1.2\accessors-smart-1.2.jar;D:\Program Files\Apache\maven-repository\org\ow2\asm\asm\5.0.4\asm-5.0.4.jar;D:\Program Files\Apache\maven-repository\junit\junit\4.12\junit-4.12.jar;D:\Program Files\Apache\maven-repository\org\assertj\assertj-core\3.11.1\assertj-core-3.11.1.jar;D:\Program Files\Apache\maven-repository\org\mockito\mockito-core\2.23.4\mockito-core-2.23.4.jar;D:\Program Files\Apache\maven-repository\net\bytebuddy\byte-buddy\1.9.13\byte-buddy-1.9.13.jar;D:\Program Files\Apache\maven-repository\net\bytebuddy\byte-buddy-agent\1.9.13\byte-buddy-agent-1.9.13.jar;D:\Program Files\Apache\maven-repository\org\objenesis\objenesis\2.6\objenesis-2.6.jar;D:\Program Files\Apache\maven-repository\org\hamcrest\hamcrest-core\1.3\hamcrest-core-1.3.jar;D:\Program Files\Apache\maven-repository\org\hamcrest\hamcrest-library\1.3\hamcrest-library-1.3.jar;D:\Program Files\Apache\maven-repository\org\skyscreamer\jsonassert\1.5.0\jsonassert-1.5.0.jar;D:\Program Files\Apache\maven-repository\com\vaadin\external\google\android-json\0.0.20131108.vaadin1\android-json-0.0.20131108.vaadin1.jar;D:\Program Files\Apache\maven-repository\org\springframework\spring-test\5.1.8.RELEASE\spring-test-5.1.8.RELEASE.jar;D:\Program Files\Apache\maven-repository\org\xmlunit\xmlunit-core\2.6.2\xmlunit-core-2.6.2.jar;D:\Program Files\Apache\maven-repository\javax\xml\bind\jaxb-api\2.3.1\jaxb-api-2.3.1.jar;D:\Program Files\Apache\maven-repository\javax\activation\javax.activation-api\1.2.0\javax.activation-api-1.2.0.jar;D:\Program Files\Apache\maven-repository\javax\activation\activation\1.1.1\activation-1.1.1.jar;D:\Program Files\Apache\maven-repository\org\glassfish\jaxb\jaxb-runtime\2.3.1\jaxb-runtime-2.3.1.jar;D:\Program Files\Apache\maven-repository\org\glassfish\jaxb\txw2\2.3.1\txw2-2.3.1.jar;D:\Program Files\Apache\maven-repository\com\sun\istack\istack-commons-runtime\3.0.7\istack-commons-runtime-3.0.7.jar;D:\Program Files\Apache\maven-repository\org\jvnet\staxex\stax-ex\1.8\stax-ex-1.8.jar;D:\Program Files\Apache\maven-repository\com\sun\xml\fastinfoset\FastInfoset\1.2.15\FastInfoset-1.2.15.jar;"/>
    <property name="java.vm.vendor" value="Oracle Corporation"/>
    <property name="sun.arch.data.model" value="64"/>
    <property name="user.variant" value=""/>
    <property name="java.vendor.url" value="http://java.oracle.com/"/>
    <property name="user.timezone" value="GMT+08:00"/>
    <property name="java.vm.specification.version" value="11"/>
    <property name="os.name" value="Windows 10"/>
    <property name="sun.java.launcher" value="SUN_STANDARD"/>
    <property name="user.country" value="CN"/>
    <property name="sun.boot.library.path" value="D:\Java\bin"/>
    <property name="sun.java.command" value="C:\Users\blasi\AppData\Local\Temp\surefire13532894847684037976\surefirebooter10009118485568044152.jar C:\Users\blasi\AppData\Local\Temp\surefire13532894847684037976 2019-07-01T15-16-42_292-jvmRun1 surefire3530016921686074293tmp surefire_08016004182241865780tmp"/>
    <property name="jdk.debug" value="release"/>
    <property name="surefire.test.class.path" value="C:\Users\blasi\Desktop\bamdb\registry\target\test-classes;C:\Users\blasi\Desktop\bamdb\registry\target\classes;D:\Program Files\Apache\maven-repository\org\springframework\cloud\spring-cloud-starter-netflix-eureka-server\2.1.1.RELEASE\spring-cloud-starter-netflix-eureka-server-2.1.1.RELEASE.jar;D:\Program Files\Apache\maven-repository\org\springframework\cloud\spring-cloud-starter\2.1.1.RELEASE\spring-cloud-starter-2.1.1.RELEASE.jar;D:\Program Files\Apache\maven-repository\org\springframework\cloud\spring-cloud-context\2.1.1.RELEASE\spring-cloud-context-2.1.1.RELEASE.jar;D:\Program Files\Apache\maven-repository\org\springframework\security\spring-security-crypto\5.1.5.RELEASE\spring-security-crypto-5.1.5.RELEASE.jar;D:\Program Files\Apache\maven-repository\org\springframework\cloud\spring-cloud-commons\2.1.1.RELEASE\spring-cloud-commons-2.1.1.RELEASE.jar;D:\Program Files\Apache\maven-repository\org\springframework\security\spring-security-rsa\1.0.7.RELEASE\spring-security-rsa-1.0.7.RELEASE.jar;D:\Program Files\Apache\maven-repository\org\bouncycastle\bcpkix-jdk15on\1.60\bcpkix-jdk15on-1.60.jar;D:\Program Files\Apache\maven-repository\org\bouncycastle\bcprov-jdk15on\1.60\bcprov-jdk15on-1.60.jar;D:\Program Files\Apache\maven-repository\org\springframework\cloud\spring-cloud-netflix-eureka-server\2.1.1.RELEASE\spring-cloud-netflix-eureka-server-2.1.1.RELEASE.jar;D:\Program Files\Apache\maven-repository\org\springframework\boot\spring-boot-starter-web\2.1.6.RELEASE\spring-boot-starter-web-2.1.6.RELEASE.jar;D:\Program Files\Apache\maven-repository\org\springframework\boot\spring-boot-starter-json\2.1.6.RELEASE\spring-boot-starter-json-2.1.6.RELEASE.jar;D:\Program Files\Apache\maven-repository\com\fasterxml\jackson\datatype\jackson-datatype-jdk8\2.9.9\jackson-datatype-jdk8-2.9.9.jar;D:\Program Files\Apache\maven-repository\com\fasterxml\jackson\datatype\jackson-datatype-jsr310\2.9.9\jackson-datatype-jsr310-2.9.9.jar;D:\Program Files\Apache\maven-repository\com\fasterxml\jackson\module\jackson-module-parameter-names\2.9.9\jackson-module-parameter-names-2.9.9.jar;D:\Program Files\Apache\maven-repository\org\springframework\boot\spring-boot-starter-tomcat\2.1.6.RELEASE\spring-boot-starter-tomcat-2.1.6.RELEASE.jar;D:\Program Files\Apache\maven-repository\org\apache\tomcat\embed\tomcat-embed-core\9.0.21\tomcat-embed-core-9.0.21.jar;D:\Program Files\Apache\maven-repository\org\apache\tomcat\embed\tomcat-embed-el\9.0.21\tomcat-embed-el-9.0.21.jar;D:\Program Files\Apache\maven-repository\org\apache\tomcat\embed\tomcat-embed-websocket\9.0.21\tomcat-embed-websocket-9.0.21.jar;D:\Program Files\Apache\maven-repository\org\hibernate\validator\hibernate-validator\6.0.17.Final\hibernate-validator-6.0.17.Final.jar;D:\Program Files\Apache\maven-repository\javax\validation\validation-api\2.0.1.Final\validation-api-2.0.1.Final.jar;D:\Program Files\Apache\maven-repository\org\jboss\logging\jboss-logging\3.3.2.Final\jboss-logging-3.3.2.Final.jar;D:\Program Files\Apache\maven-repository\com\fasterxml\classmate\1.4.0\classmate-1.4.0.jar;D:\Program Files\Apache\maven-repository\org\springframework\spring-webmvc\5.1.8.RELEASE\spring-webmvc-5.1.8.RELEASE.jar;D:\Program Files\Apache\maven-repository\org\springframework\boot\spring-boot-starter-actuator\2.1.6.RELEASE\spring-boot-starter-actuator-2.1.6.RELEASE.jar;D:\Program Files\Apache\maven-repository\org\springframework\boot\spring-boot-actuator-autoconfigure\2.1.6.RELEASE\spring-boot-actuator-autoconfigure-2.1.6.RELEASE.jar;D:\Program Files\Apache\maven-repository\org\springframework\boot\spring-boot-actuator\2.1.6.RELEASE\spring-boot-actuator-2.1.6.RELEASE.jar;D:\Program Files\Apache\maven-repository\io\micrometer\micrometer-core\1.1.5\micrometer-core-1.1.5.jar;D:\Program Files\Apache\maven-repository\org\hdrhistogram\HdrHistogram\2.1.9\HdrHistogram-2.1.9.jar;D:\Program Files\Apache\maven-repository\org\latencyutils\LatencyUtils\2.0.3\LatencyUtils-2.0.3.jar;D:\Program Files\Apache\maven-repository\org\springframework\boot\spring-boot-starter-freemarker\2.1.6.RELEASE\spring-boot-starter-freemarker-2.1.6.RELEASE.jar;D:\Program Files\Apache\maven-repository\org\freemarker\freemarker\2.3.28\freemarker-2.3.28.jar;D:\Program Files\Apache\maven-repository\org\springframework\spring-context-support\5.1.8.RELEASE\spring-context-support-5.1.8.RELEASE.jar;D:\Program Files\Apache\maven-repository\org\springframework\cloud\spring-cloud-netflix-hystrix\2.1.1.RELEASE\spring-cloud-netflix-hystrix-2.1.1.RELEASE.jar;D:\Program Files\Apache\maven-repository\org\springframework\boot\spring-boot-starter-aop\2.1.6.RELEASE\spring-boot-starter-aop-2.1.6.RELEASE.jar;D:\Program Files\Apache\maven-repository\org\aspectj\aspectjweaver\1.9.4\aspectjweaver-1.9.4.jar;D:\Program Files\Apache\maven-repository\org\springframework\cloud\spring-cloud-netflix-eureka-client\2.1.1.RELEASE\spring-cloud-netflix-eureka-client-2.1.1.RELEASE.jar;D:\Program Files\Apache\maven-repository\com\netflix\eureka\eureka-client\1.9.8\eureka-client-1.9.8.jar;D:\Program Files\Apache\maven-repository\org\codehaus\jettison\jettison\1.3.7\jettison-1.3.7.jar;D:\Program Files\Apache\maven-repository\stax\stax-api\1.0.1\stax-api-1.0.1.jar;D:\Program Files\Apache\maven-repository\com\netflix\netflix-commons\netflix-eventbus\0.3.0\netflix-eventbus-0.3.0.jar;D:\Program Files\Apache\maven-repository\com\netflix\netflix-commons\netflix-infix\0.3.0\netflix-infix-0.3.0.jar;D:\Program Files\Apache\maven-repository\commons-jxpath\commons-jxpath\1.3\commons-jxpath-1.3.jar;D:\Program Files\Apache\maven-repository\joda-time\joda-time\2.10.2\joda-time-2.10.2.jar;D:\Program Files\Apache\maven-repository\org\antlr\antlr-runtime\3.4\antlr-runtime-3.4.jar;D:\Program Files\Apache\maven-repository\org\antlr\stringtemplate\3.2.1\stringtemplate-3.2.1.jar;D:\Program Files\Apache\maven-repository\antlr\antlr\2.7.7\antlr-2.7.7.jar;D:\Program Files\Apache\maven-repository\com\google\code\gson\gson\2.8.5\gson-2.8.5.jar;D:\Program Files\Apache\maven-repository\org\apache\commons\commons-math\2.2\commons-math-2.2.jar;D:\Program Files\Apache\maven-repository\javax\ws\rs\jsr311-api\1.1.1\jsr311-api-1.1.1.jar;D:\Program Files\Apache\maven-repository\com\netflix\servo\servo-core\0.12.21\servo-core-0.12.21.jar;D:\Program Files\Apache\maven-repository\com\sun\jersey\jersey-core\1.19.1\jersey-core-1.19.1.jar;D:\Program Files\Apache\maven-repository\com\sun\jersey\jersey-client\1.19.1\jersey-client-1.19.1.jar;D:\Program Files\Apache\maven-repository\com\sun\jersey\contribs\jersey-apache-client4\1.19.1\jersey-apache-client4-1.19.1.jar;D:\Program Files\Apache\maven-repository\org\apache\httpcomponents\httpclient\4.5.9\httpclient-4.5.9.jar;D:\Program Files\Apache\maven-repository\org\apache\httpcomponents\httpcore\4.4.11\httpcore-4.4.11.jar;D:\Program Files\Apache\maven-repository\commons-codec\commons-codec\1.11\commons-codec-1.11.jar;D:\Program Files\Apache\maven-repository\com\google\inject\guice\4.1.0\guice-4.1.0.jar;D:\Program Files\Apache\maven-repository\aopalliance\aopalliance\1.0\aopalliance-1.0.jar;D:\Program Files\Apache\maven-repository\com\github\vlsi\compactmap\compactmap\1.2.1\compactmap-1.2.1.jar;D:\Program Files\Apache\maven-repository\com\github\andrewoma\dexx\dexx-collections\0.2\dexx-collections-0.2.jar;D:\Program Files\Apache\maven-repository\com\sun\jersey\jersey-servlet\1.19.1\jersey-servlet-1.19.1.jar;D:\Program Files\Apache\maven-repository\com\sun\jersey\jersey-server\1.19.1\jersey-server-1.19.1.jar;D:\Program Files\Apache\maven-repository\com\netflix\eureka\eureka-core\1.9.8\eureka-core-1.9.8.jar;D:\Program Files\Apache\maven-repository\org\codehaus\woodstox\woodstox-core-asl\4.4.1\woodstox-core-asl-4.4.1.jar;D:\Program Files\Apache\maven-repository\javax\xml\stream\stax-api\1.0-2\stax-api-1.0-2.jar;D:\Program Files\Apache\maven-repository\com\netflix\archaius\archaius-core\0.7.6\archaius-core-0.7.6.jar;D:\Program Files\Apache\maven-repository\com\google\code\findbugs\jsr305\3.0.1\jsr305-3.0.1.jar;D:\Program Files\Apache\maven-repository\com\google\guava\guava\16.0\guava-16.0.jar;D:\Program Files\Apache\maven-repository\javax\inject\javax.inject\1\javax.inject-1.jar;D:\Program Files\Apache\maven-repository\com\fasterxml\jackson\dataformat\jackson-dataformat-xml\2.9.9\jackson-dataformat-xml-2.9.9.jar;D:\Program Files\Apache\maven-repository\com\fasterxml\jackson\module\jackson-module-jaxb-annotations\2.9.9\jackson-module-jaxb-annotations-2.9.9.jar;D:\Program Files\Apache\maven-repository\org\codehaus\woodstox\stax2-api\3.1.4\stax2-api-3.1.4.jar;D:\Program Files\Apache\maven-repository\com\fasterxml\woodstox\woodstox-core\5.0.3\woodstox-core-5.0.3.jar;D:\Program Files\Apache\maven-repository\com\thoughtworks\xstream\xstream\1.4.10\xstream-1.4.10.jar;D:\Program Files\Apache\maven-repository\xmlpull\xmlpull\1.1.3.1\xmlpull-1.1.3.1.jar;D:\Program Files\Apache\maven-repository\xpp3\xpp3_min\1.1.4c\xpp3_min-1.1.4c.jar;D:\Program Files\Apache\maven-repository\org\springframework\cloud\spring-cloud-starter-netflix-archaius\2.1.1.RELEASE\spring-cloud-starter-netflix-archaius-2.1.1.RELEASE.jar;D:\Program Files\Apache\maven-repository\org\springframework\cloud\spring-cloud-netflix-ribbon\2.1.1.RELEASE\spring-cloud-netflix-ribbon-2.1.1.RELEASE.jar;D:\Program Files\Apache\maven-repository\org\springframework\cloud\spring-cloud-netflix-archaius\2.1.1.RELEASE\spring-cloud-netflix-archaius-2.1.1.RELEASE.jar;D:\Program Files\Apache\maven-repository\commons-configuration\commons-configuration\1.8\commons-configuration-1.8.jar;D:\Program Files\Apache\maven-repository\commons-lang\commons-lang\2.6\commons-lang-2.6.jar;D:\Program Files\Apache\maven-repository\org\springframework\cloud\spring-cloud-starter-netflix-ribbon\2.1.1.RELEASE\spring-cloud-starter-netflix-ribbon-2.1.1.RELEASE.jar;D:\Program Files\Apache\maven-repository\com\netflix\ribbon\ribbon\2.3.0\ribbon-2.3.0.jar;D:\Program Files\Apache\maven-repository\com\netflix\ribbon\ribbon-transport\2.3.0\ribbon-transport-2.3.0.jar;D:\Program Files\Apache\maven-repository\io\reactivex\rxnetty-contexts\0.4.9\rxnetty-contexts-0.4.9.jar;D:\Program Files\Apache\maven-repository\io\reactivex\rxnetty-servo\0.4.9\rxnetty-servo-0.4.9.jar;D:\Program Files\Apache\maven-repository\com\netflix\hystrix\hystrix-core\1.5.18\hystrix-core-1.5.18.jar;D:\Program Files\Apache\maven-repository\io\reactivex\rxnetty\0.4.9\rxnetty-0.4.9.jar;D:\Program Files\Apache\maven-repository\com\netflix\ribbon\ribbon-core\2.3.0\ribbon-core-2.3.0.jar;D:\Program Files\Apache\maven-repository\com\netflix\ribbon\ribbon-httpclient\2.3.0\ribbon-httpclient-2.3.0.jar;D:\Program Files\Apache\maven-repository\commons-collections\commons-collections\3.2.2\commons-collections-3.2.2.jar;D:\Program Files\Apache\maven-repository\com\netflix\netflix-commons\netflix-commons-util\0.3.0\netflix-commons-util-0.3.0.jar;D:\Program Files\Apache\maven-repository\com\netflix\ribbon\ribbon-loadbalancer\2.3.0\ribbon-loadbalancer-2.3.0.jar;D:\Program Files\Apache\maven-repository\com\netflix\netflix-commons\netflix-statistics\0.1.1\netflix-statistics-0.1.1.jar;D:\Program Files\Apache\maven-repository\io\reactivex\rxjava\1.3.8\rxjava-1.3.8.jar;D:\Program Files\Apache\maven-repository\com\netflix\ribbon\ribbon-eureka\2.3.0\ribbon-eureka-2.3.0.jar;D:\Program Files\Apache\maven-repository\org\slf4j\slf4j-api\1.7.26\slf4j-api-1.7.26.jar;D:\Program Files\Apache\maven-repository\org\springframework\boot\spring-boot-starter\2.1.6.RELEASE\spring-boot-starter-2.1.6.RELEASE.jar;D:\Program Files\Apache\maven-repository\org\springframework\boot\spring-boot\2.1.6.RELEASE\spring-boot-2.1.6.RELEASE.jar;D:\Program Files\Apache\maven-repository\org\springframework\spring-context\5.1.8.RELEASE\spring-context-5.1.8.RELEASE.jar;D:\Program Files\Apache\maven-repository\org\springframework\spring-aop\5.1.8.RELEASE\spring-aop-5.1.8.RELEASE.jar;D:\Program Files\Apache\maven-repository\org\springframework\spring-beans\5.1.8.RELEASE\spring-beans-5.1.8.RELEASE.jar;D:\Program Files\Apache\maven-repository\org\springframework\spring-expression\5.1.8.RELEASE\spring-expression-5.1.8.RELEASE.jar;D:\Program Files\Apache\maven-repository\org\springframework\boot\spring-boot-autoconfigure\2.1.6.RELEASE\spring-boot-autoconfigure-2.1.6.RELEASE.jar;D:\Program Files\Apache\maven-repository\org\springframework\boot\spring-boot-starter-logging\2.1.6.RELEASE\spring-boot-starter-logging-2.1.6.RELEASE.jar;D:\Program Files\Apache\maven-repository\ch\qos\logback\logback-classic\1.2.3\logback-classic-1.2.3.jar;D:\Program Files\Apache\maven-repository\ch\qos\logback\logback-core\1.2.3\logback-core-1.2.3.jar;D:\Program Files\Apache\maven-repository\org\apache\logging\log4j\log4j-to-slf4j\2.11.2\log4j-to-slf4j-2.11.2.jar;D:\Program Files\Apache\maven-repository\org\apache\logging\log4j\log4j-api\2.11.2\log4j-api-2.11.2.jar;D:\Program Files\Apache\maven-repository\org\slf4j\jul-to-slf4j\1.7.26\jul-to-slf4j-1.7.26.jar;D:\Program Files\Apache\maven-repository\javax\annotation\javax.annotation-api\1.3.2\javax.annotation-api-1.3.2.jar;D:\Program Files\Apache\maven-repository\org\springframework\spring-core\5.1.8.RELEASE\spring-core-5.1.8.RELEASE.jar;D:\Program Files\Apache\maven-repository\org\springframework\spring-jcl\5.1.8.RELEASE\spring-jcl-5.1.8.RELEASE.jar;D:\Program Files\Apache\maven-repository\org\yaml\snakeyaml\1.23\snakeyaml-1.23.jar;D:\Program Files\Apache\maven-repository\org\springframework\cloud\spring-cloud-starter-config\2.1.1.RELEASE\spring-cloud-starter-config-2.1.1.RELEASE.jar;D:\Program Files\Apache\maven-repository\org\springframework\cloud\spring-cloud-config-client\2.1.1.RELEASE\spring-cloud-config-client-2.1.1.RELEASE.jar;D:\Program Files\Apache\maven-repository\org\springframework\spring-web\5.1.8.RELEASE\spring-web-5.1.8.RELEASE.jar;D:\Program Files\Apache\maven-repository\com\fasterxml\jackson\core\jackson-annotations\2.9.0\jackson-annotations-2.9.0.jar;D:\Program Files\Apache\maven-repository\com\fasterxml\jackson\core\jackson-databind\2.9.9\jackson-databind-2.9.9.jar;D:\Program Files\Apache\maven-repository\com\fasterxml\jackson\core\jackson-core\2.9.9\jackson-core-2.9.9.jar;D:\Program Files\Apache\maven-repository\org\springframework\boot\spring-boot-starter-test\2.1.6.RELEASE\spring-boot-starter-test-2.1.6.RELEASE.jar;D:\Program Files\Apache\maven-repository\org\springframework\boot\spring-boot-test\2.1.6.RELEASE\spring-boot-test-2.1.6.RELEASE.jar;D:\Program Files\Apache\maven-repository\org\springframework\boot\spring-boot-test-autoconfigure\2.1.6.RELEASE\spring-boot-test-autoconfigure-2.1.6.RELEASE.jar;D:\Program Files\Apache\maven-repository\com\jayway\jsonpath\json-path\2.4.0\json-path-2.4.0.jar;D:\Program Files\Apache\maven-repository\net\minidev\json-smart\2.3\json-smart-2.3.jar;D:\Program Files\Apache\maven-repository\net\minidev\accessors-smart\1.2\accessors-smart-1.2.jar;D:\Program Files\Apache\maven-repository\org\ow2\asm\asm\5.0.4\asm-5.0.4.jar;D:\Program Files\Apache\maven-repository\junit\junit\4.12\junit-4.12.jar;D:\Program Files\Apache\maven-repository\org\assertj\assertj-core\3.11.1\assertj-core-3.11.1.jar;D:\Program Files\Apache\maven-repository\org\mockito\mockito-core\2.23.4\mockito-core-2.23.4.jar;D:\Program Files\Apache\maven-repository\net\bytebuddy\byte-buddy\1.9.13\byte-buddy-1.9.13.jar;D:\Program Files\Apache\maven-repository\net\bytebuddy\byte-buddy-agent\1.9.13\byte-buddy-agent-1.9.13.jar;D:\Program Files\Apache\maven-repository\org\objenesis\objenesis\2.6\objenesis-2.6.jar;D:\Program Files\Apache\maven-repository\org\hamcrest\hamcrest-core\1.3\hamcrest-core-1.3.jar;D:\Program Files\Apache\maven-repository\org\hamcrest\hamcrest-library\1.3\hamcrest-library-1.3.jar;D:\Program Files\Apache\maven-repository\org\skyscreamer\jsonassert\1.5.0\jsonassert-1.5.0.jar;D:\Program Files\Apache\maven-repository\com\vaadin\external\google\android-json\0.0.20131108.vaadin1\android-json-0.0.20131108.vaadin1.jar;D:\Program Files\Apache\maven-repository\org\springframework\spring-test\5.1.8.RELEASE\spring-test-5.1.8.RELEASE.jar;D:\Program Files\Apache\maven-repository\org\xmlunit\xmlunit-core\2.6.2\xmlunit-core-2.6.2.jar;D:\Program Files\Apache\maven-repository\javax\xml\bind\jaxb-api\2.3.1\jaxb-api-2.3.1.jar;D:\Program Files\Apache\maven-repository\javax\activation\javax.activation-api\1.2.0\javax.activation-api-1.2.0.jar;D:\Program Files\Apache\maven-repository\javax\activation\activation\1.1.1\activation-1.1.1.jar;D:\Program Files\Apache\maven-repository\org\glassfish\jaxb\jaxb-runtime\2.3.1\jaxb-runtime-2.3.1.jar;D:\Program Files\Apache\maven-repository\org\glassfish\jaxb\txw2\2.3.1\txw2-2.3.1.jar;D:\Program Files\Apache\maven-repository\com\sun\istack\istack-commons-runtime\3.0.7\istack-commons-runtime-3.0.7.jar;D:\Program Files\Apache\maven-repository\org\jvnet\staxex\stax-ex\1.8\stax-ex-1.8.jar;D:\Program Files\Apache\maven-repository\com\sun\xml\fastinfoset\FastInfoset\1.2.15\FastInfoset-1.2.15.jar;"/>
    <property name="sun.cpu.endian" value="little"/>
    <property name="user.home" value="C:\Users\blasi"/>
    <property name="user.language" value="zh"/>
    <property name="java.specification.vendor" value="Oracle Corporation"/>
    <property name="java.version.date" value="2019-01-15"/>
    <property name="java.home" value="D:\Java"/>
    <property name="file.separator" value="\"/>
    <property name="basedir" value="C:\Users\blasi\Desktop\bamdb\registry"/>
    <property name="java.vm.compressedOopsMode" value="32-bit"/>
    <property name="line.separator" value="&#10;"/>
    <property name="java.specification.name" value="Java Platform API Specification"/>
    <property name="java.vm.specification.vendor" value="Oracle Corporation"/>
    <property name="java.awt.graphicsenv" value="sun.awt.Win32GraphicsEnvironment"/>
    <property name="surefire.real.class.path" value="C:\Users\blasi\AppData\Local\Temp\surefire13532894847684037976\surefirebooter10009118485568044152.jar"/>
    <property name="user.script" value=""/>
    <property name="sun.management.compiler" value="HotSpot 64-Bit Tiered Compilers"/>
    <property name="java.runtime.version" value="11.0.2+9-LTS"/>
    <property name="user.name" value="blasi"/>
    <property name="path.separator" value=";"/>
    <property name="os.version" value="10.0"/>
    <property name="java.runtime.name" value="Java(TM) SE Runtime Environment"/>
    <property name="file.encoding" value="GBK"/>
    <property name="java.vm.name" value="Java HotSpot(TM) 64-Bit Server VM"/>
    <property name="java.vendor.version" value="18.9"/>
    <property name="localRepository" value="D:\Program Files\Apache\maven-repository"/>
    <property name="java.vendor.url.bug" value="http://bugreport.java.com/bugreport/"/>
    <property name="java.io.tmpdir" value="C:\Users\blasi\AppData\Local\Temp\"/>
    <property name="java.version" value="11.0.2"/>
    <property name="user.dir" value="C:\Users\blasi\Desktop\bamdb\registry"/>
    <property name="os.arch" value="amd64"/>
    <property name="java.vm.specification.name" value="Java Virtual Machine Specification"/>
    <property name="java.awt.printerjob" value="sun.awt.windows.WPrinterJob"/>
    <property name="sun.os.patch.level" value=""/>
    <property name="java.library.path" value="D:\Java\bin;C:\WINDOWS\Sun\Java\bin;C:\WINDOWS\system32;C:\WINDOWS;C:\ProgramData\DockerDesktop\version-bin;C:\Program Files\Docker\Docker\Resources\bin;C:\Program Files (x86)\Common Files\Intel\Shared Libraries\redist\intel64\compiler;D:\CTEX\UserData\miktex\bin;D:\CTEX\MiKTeX\miktex\bin;D:\CTEX\CTeX\ctex\bin;D:\CTEX\CTeX\cct\bin;D:\CTEX\CTeX\ty\bin;D:\CTEX\Ghostscript\gs9.05\bin;D:\CTEX\GSview\gsview;D:\CTEX\WinEdt;D:\Java\bin;D:\Java\jre\bin;D:\nodejs\;D:\Git\cmd;D:\Program Files\Apache\maven\bin;C:\Program Files\MySQL\MySQL Server 8.0\bin;C:\WINDOWS\system32;&quot;D:\Tomcat\apache-tomcat-9.0.17\lib;D:\Tomcat\apache-tomcat-9.0.17\bin&quot;;C:\redis;D:\MongoDB\bin;D:\erl10.4\bin;D:\Vim\vim81;D:\ffmpeg-20190608-b6ca032-win64-static\bin;D:\PuTTY\;D:\Go\bin;C:\Program Files\dotnet\;C:\Program Files (x86)\Microsoft Visual Studio\Shared\Python37_64;C:\Program Files (x86)\Microsoft Visual Studio\Shared\Python37_64\Scripts;D:\IBM\SPSS\Statistics\25\JRE\bin;C:\Users\blasi\AppData\Local\Microsoft\WindowsApps;D:\Microsoft VS Code\bin;C:\Program Files (x86)\CodeBlocks\MinGW\bin;&quot;D:\Java\bin;D:\Java\jre\bin;&quot;;C:\Users\blasi\AppData\Roaming\npm;C:\Users\blasi\AppData\Local\GitHubDesktop\bin;C:\Users\blasi\AppData\Local\atom\bin;D:\Apache24\bin;D:\MongoDB\bin;C:\Users\blasi\go\bin;;."/>
    <property name="java.vendor" value="Oracle Corporation"/>
    <property name="java.vm.info" value="mixed mode"/>
    <property name="java.vm.version" value="11.0.2+9-LTS"/>
    <property name="sun.io.unicode.encoding" value="UnicodeLittle"/>
    <property name="java.class.version" value="55.0"/>
  </properties>
  <testcase name="contextLoads" classname="com.se.registry.RegistryApplicationTests" time="0.432"/>
</testsuite>